2020-11-03T15:18:52+00:00 CRITICAL Uncaught Error: Class 'Custom_Background' not found in F:\WebPrjcts\wordpress\WP-test\www\wp-includes\theme.php:2756
Stack trace:
#0 F:\WebPrjcts\wordpress\WP-test\www\wp-includes\class-wp-hook.php(287): _custom_header_background_just_in_time('')
#1 F:\WebPrjcts\wordpress\WP-test\www\wp-includes\class-wp-hook.php(311): WP_Hook->apply_filters('', Array)
#2 F:\WebPrjcts\wordpress\WP-test\www\wp-includes\plugin.php(478): WP_Hook->do_action(Array)
#3 F:\WebPrjcts\wordpress\WP-test\www\wp-settings.php(568): do_action('wp_loaded')
#4 F:\WebPrjcts\wordpress\WP-test\www\wp-config.php(96): require_once('F:\\WebPrjcts\\wo...')
#5 F:\WebPrjcts\wordpress\WP-test\www\wp-load.php(37): require_once('F:\\WebPrjcts\\wo...')
#6 F:\WebPrjcts\wordpress\WP-test\www\wp-admin\admin-ajax.php(22): require_once('F:\\WebPrjcts\\wo...')
#7 {main}
  thrown в F:\WebPrjcts\wordpress\WP-test\www\wp-includes\theme.php на строке 2756

2020-11-03T15:22:52+00:00 CRITICAL Uncaught Error: Class 'Elementor\Core\Schemes\Color_Picker' not found in F:\WebPrjcts\wordpress\WP-test\www\wp-content\plugins\elementor\core\schemes\manager.php:76
Stack trace:
#0 F:\WebPrjcts\wordpress\WP-test\www\wp-content\plugins\elementor\core\schemes\manager.php(354): Elementor\Core\Schemes\Manager->register_scheme('Elementor\\Core\\...')
#1 F:\WebPrjcts\wordpress\WP-test\www\wp-content\plugins\elementor\core\schemes\manager.php(367): Elementor\Core\Schemes\Manager->register_default_schemes()
#2 F:\WebPrjcts\wordpress\WP-test\www\wp-content\plugins\elementor\includes\plugin.php(581): Elementor\Core\Schemes\Manager->__construct()
#3 F:\WebPrjcts\wordpress\WP-test\www\wp-content\plugins\elementor\includes\plugin.php(514): Elementor\Plugin->init_components()
#4 F:\WebPrjcts\wordpress\WP-test\www\wp-includes\class-wp-hook.php(287): Elementor\Plugin->init('')
#5 F:\WebPrjcts\wordpress\WP-test\www\wp-includes\class-wp-hook.php(311): WP_Hook->apply_filters(NULL, Array)
#6 F:\WebPrjcts\wordpress\WP-test\www\wp в F:\WebPrjcts\wordpress\WP-test\www\wp-content\plugins\elementor\core\schemes\manager.php на строке 76

2020-11-03T16:12:49+00:00 CRITICAL Maximum execution time of 30 seconds exceeded в F:\WebPrjcts\wordpress\WP-test\www\wp-content\plugins\woocommerce\packages\woocommerce-blocks\src\BlockTypes\ProductCategories.php на строке 7

