2020-10-19T12:04:56+00:00 CRITICAL Uncaught Error: Call to undefined method WooCommerce::get_products() in F:\WebPrjcts\wordpress\WP-test\www\wp-content\plugins\wp-crontrol\wp-crontrol.php(1584) : eval()'d code:13
Stack trace:
#0 F:\WebPrjcts\wordpress\WP-test\www\wp-content\plugins\wp-crontrol\wp-crontrol.php(1584): eval()
#1 F:\WebPrjcts\wordpress\WP-test\www\wp-includes\class-wp-hook.php(289): Crontrol\action_php_cron_event('$data="var=go";...')
#2 F:\WebPrjcts\wordpress\WP-test\www\wp-includes\class-wp-hook.php(311): WP_Hook->apply_filters('', Array)
#3 F:\WebPrjcts\wordpress\WP-test\www\wp-includes\plugin.php(544): WP_Hook->do_action(Array)
#4 F:\WebPrjcts\wordpress\WP-test\www\wp-cron.php(138): do_action_ref_array('crontrol_cron_j...', Array)
#5 {main}
  thrown в F:\WebPrjcts\wordpress\WP-test\www\wp-content\plugins\wp-crontrol\wp-crontrol.php(1584) : eval()'d code на строке 13

2020-10-19T12:07:09+00:00 CRITICAL Uncaught ArgumentCountError: Too few arguments to function wc_get_products(), 0 passed in F:\WebPrjcts\wordpress\WP-test\www\wp-content\plugins\wp-crontrol\wp-crontrol.php(1584) : eval()'d code on line 12 and exactly 1 expected in F:\WebPrjcts\wordpress\WP-test\www\wp-content\plugins\woocommerce\includes\wc-product-functions.php:28
Stack trace:
#0 F:\WebPrjcts\wordpress\WP-test\www\wp-content\plugins\wp-crontrol\wp-crontrol.php(1584) : eval()'d code(12): wc_get_products()
#1 F:\WebPrjcts\wordpress\WP-test\www\wp-content\plugins\wp-crontrol\wp-crontrol.php(1584): eval()
#2 F:\WebPrjcts\wordpress\WP-test\www\wp-includes\class-wp-hook.php(289): Crontrol\action_php_cron_event('$data="var=go";...')
#3 F:\WebPrjcts\wordpress\WP-test\www\wp-includes\class-wp-hook.php(311): WP_Hook->apply_filters('', Array)
#4 F:\WebPrjcts\wordpress\WP-test\www\wp-includes\plugin.php(544): WP_Hook->do_action(Array)
#5 F:\WebPrjcts\wordpress\WP-test\www\wp-cron.php(138): do_action_ref_array('crontrol_cron_j...', Array)
#6 {main}
  thr в F:\WebPrjcts\wordpress\WP-test\www\wp-content\plugins\woocommerce\includes\wc-product-functions.php на строке 28

2020-10-19T12:11:33+00:00 CRITICAL Uncaught ArgumentCountError: Too few arguments to function wc_get_products(), 0 passed in F:\WebPrjcts\wordpress\WP-test\www\wp-content\plugins\wp-crontrol\wp-crontrol.php(1584) : eval()'d code on line 12 and exactly 1 expected in F:\WebPrjcts\wordpress\WP-test\www\wp-content\plugins\woocommerce\includes\wc-product-functions.php:28
Stack trace:
#0 F:\WebPrjcts\wordpress\WP-test\www\wp-content\plugins\wp-crontrol\wp-crontrol.php(1584) : eval()'d code(12): wc_get_products()
#1 F:\WebPrjcts\wordpress\WP-test\www\wp-content\plugins\wp-crontrol\wp-crontrol.php(1584): eval()
#2 F:\WebPrjcts\wordpress\WP-test\www\wp-includes\class-wp-hook.php(289): Crontrol\action_php_cron_event('$data="var=go";...')
#3 F:\WebPrjcts\wordpress\WP-test\www\wp-includes\class-wp-hook.php(311): WP_Hook->apply_filters('', Array)
#4 F:\WebPrjcts\wordpress\WP-test\www\wp-includes\plugin.php(544): WP_Hook->do_action(Array)
#5 F:\WebPrjcts\wordpress\WP-test\www\wp-cron.php(138): do_action_ref_array('crontrol_cron_j...', Array)
#6 {main}
  thr в F:\WebPrjcts\wordpress\WP-test\www\wp-content\plugins\woocommerce\includes\wc-product-functions.php на строке 28

2020-10-19T12:34:55+00:00 CRITICAL Uncaught Error: Call to a member function set_regular_price() on null in F:\WebPrjcts\wordpress\WP-test\www\wp-content\plugins\wp-crontrol\wp-crontrol.php(1584) : eval()'d code:29
Stack trace:
#0 F:\WebPrjcts\wordpress\WP-test\www\wp-content\plugins\wp-crontrol\wp-crontrol.php(1584): eval()
#1 F:\WebPrjcts\wordpress\WP-test\www\wp-includes\class-wp-hook.php(289): Crontrol\action_php_cron_event('$data="var=go";...')
#2 F:\WebPrjcts\wordpress\WP-test\www\wp-includes\class-wp-hook.php(311): WP_Hook->apply_filters('', Array)
#3 F:\WebPrjcts\wordpress\WP-test\www\wp-includes\plugin.php(544): WP_Hook->do_action(Array)
#4 F:\WebPrjcts\wordpress\WP-test\www\wp-cron.php(138): do_action_ref_array('crontrol_cron_j...', Array)
#5 {main}
  thrown в F:\WebPrjcts\wordpress\WP-test\www\wp-content\plugins\wp-crontrol\wp-crontrol.php(1584) : eval()'d code на строке 29

2020-10-19T12:37:25+00:00 CRITICAL Uncaught Error: Call to undefined method WC_Product_Simple::get_currency_type() in F:\WebPrjcts\wordpress\WP-test\www\wp-content\plugins\wp-crontrol\wp-crontrol.php(1584) : eval()'d code:16
Stack trace:
#0 F:\WebPrjcts\wordpress\WP-test\www\wp-content\plugins\wp-crontrol\wp-crontrol.php(1584): eval()
#1 F:\WebPrjcts\wordpress\WP-test\www\wp-includes\class-wp-hook.php(289): Crontrol\action_php_cron_event('$data="var=go";...')
#2 F:\WebPrjcts\wordpress\WP-test\www\wp-includes\class-wp-hook.php(311): WP_Hook->apply_filters('', Array)
#3 F:\WebPrjcts\wordpress\WP-test\www\wp-includes\plugin.php(544): WP_Hook->do_action(Array)
#4 F:\WebPrjcts\wordpress\WP-test\www\wp-cron.php(138): do_action_ref_array('crontrol_cron_j...', Array)
#5 {main}
  thrown в F:\WebPrjcts\wordpress\WP-test\www\wp-content\plugins\wp-crontrol\wp-crontrol.php(1584) : eval()'d code на строке 16

